<?xml version="1.0" encoding="UTF-8"?>
<testng-results ignored="3" total="4" passed="1" failed="0" skipped="0">
  <reporter-output>
  </reporter-output>
  <suite started-at="2022-09-21T17:44:47 IST" name="MySimpleTestSuite" finished-at="2022-09-21T17:44:48 IST" duration-ms="471">
    <groups>
    </groups>
    <test started-at="2022-09-21T17:44:47 IST" name="Normal Testing" finished-at="2022-09-21T17:44:48 IST" duration-ms="471">
      <class name="com.service.AccountServiceTest">
        <test-method signature="depositeTest()[pri:0, instance:com.service.AccountServiceTest@68e5eea7]" started-at="2022-09-21T17:44:47 IST" name="depositeTest" finished-at="2022-09-21T17:44:48 IST" duration-ms="449" status="PASS">
          <reporter-output>
          </reporter-output>
        </test-method> <!-- depositeTest -->
      </class> <!-- com.service.AccountServiceTest -->
    </test> <!-- Normal Testing -->
  </suite> <!-- MySimpleTestSuite -->
</testng-results>
