<?xml version="1.0" encoding="UTF-8"?>
<!-- Generated by org.testng.reporters.JUnitXMLReporter -->
<testsuite ignored="0" hostname="DESKTOP-KJ400B0" failures="0" tests="3" name="Default test" time="0.046" errors="0" timestamp="2022-09-21T17:05:19 IST">
  <testcase classname="com.testing.CarTest" name="loanTest" time="0.009"/>
  <testcase classname="com.testing.CarTest" name="mailageTest" time="0.001"/>
  <testcase classname="com.testing.CarTest" name="speedTest" time="0.002"/>
</testsuite> <!-- Default test -->
