<?xml version="1.0" encoding="UTF-8"?>
<testng-results ignored="0" total="1" passed="1" failed="0" skipped="0">
  <reporter-output>
  </reporter-output>
  <suite started-at="2022-09-20T17:38:28 IST" name="Default suite" finished-at="2022-09-20T17:38:28 IST" duration-ms="54">
    <groups>
    </groups>
    <test started-at="2022-09-20T17:38:28 IST" name="Default test" finished-at="2022-09-20T17:38:28 IST" duration-ms="54">
      <class name="com.testing.OperationTest">
        <test-method signature="f()[pri:0, instance:com.testing.OperationTest@236e3f4e]" started-at="2022-09-20T17:38:28 IST" name="f" finished-at="2022-09-20T17:38:28 IST" duration-ms="10" status="PASS">
          <reporter-output>
          </reporter-output>
        </test-method> <!-- f -->
      </class> <!-- com.testing.OperationTest -->
    </test> <!-- Default test -->
  </suite> <!-- Default suite -->
</testng-results>
