<?xml version="1.0" encoding="UTF-8"?>
<!-- Generated by org.testng.reporters.JUnitXMLReporter -->
<testsuite ignored="4" hostname="DESKTOP-KJ400B0" failures="0" tests="2" name="Test" time="0.049" errors="0" timestamp="2022-09-21T17:33:40 IST">
  <testcase classname="com.testing.BikeTest" name="loanTest" time="0.008"/>
  <testcase classname="com.testing.CarTest" name="loanTest" time="0.001"/>
  <testcase classname="com.testing.BikeTest" name="speedTest" time="0.0">
    <ignored/>
  </testcase> <!-- speedTest -->
  <testcase classname="com.testing.BikeTest" name="mailageTest" time="0.0">
    <ignored/>
  </testcase> <!-- mailageTest -->
  <testcase classname="com.testing.CarTest" name="speedTest" time="0.0">
    <ignored/>
  </testcase> <!-- speedTest -->
  <testcase classname="com.testing.CarTest" name="mailageTest" time="0.0">
    <ignored/>
  </testcase> <!-- mailageTest -->
</testsuite> <!-- Test -->
