<?xml version="1.0" encoding="UTF-8"?>
<testng-results ignored="0" total="3" passed="3" failed="0" skipped="0">
  <reporter-output>
  </reporter-output>
  <suite started-at="2022-09-22T17:18:50 IST" name="Default suite" finished-at="2022-09-22T17:18:52 IST" duration-ms="2347">
    <groups>
    </groups>
    <test started-at="2022-09-22T17:18:50 IST" name="Default test" finished-at="2022-09-22T17:18:52 IST" duration-ms="2347">
      <class name="com.testing.IndexPageTesting">
        <test-method is-config="true" signature="beforeClass()[pri:0, instance:com.testing.IndexPageTesting@593aaf41]" started-at="2022-09-22T17:18:50 IST" name="beforeClass" finished-at="2022-09-22T17:18:52 IST" duration-ms="2187" status="PASS">
          <reporter-output>
          </reporter-output>
        </test-method> <!-- beforeClass -->
        <test-method signature="divTagTest()[pri:0, instance:com.testing.IndexPageTesting@593aaf41]" started-at="2022-09-22T17:18:52 IST" name="divTagTest" finished-at="2022-09-22T17:18:52 IST" duration-ms="38" status="PASS">
          <reporter-output>
          </reporter-output>
        </test-method> <!-- divTagTest -->
        <test-method signature="pTagTest()[pri:0, instance:com.testing.IndexPageTesting@593aaf41]" started-at="2022-09-22T17:18:52 IST" name="pTagTest" finished-at="2022-09-22T17:18:52 IST" duration-ms="45" status="PASS">
          <reporter-output>
          </reporter-output>
        </test-method> <!-- pTagTest -->
        <test-method signature="titleTagTest()[pri:0, instance:com.testing.IndexPageTesting@593aaf41]" started-at="2022-09-22T17:18:52 IST" name="titleTagTest" finished-at="2022-09-22T17:18:52 IST" duration-ms="9" status="PASS">
          <reporter-output>
          </reporter-output>
        </test-method> <!-- titleTagTest -->
        <test-method is-config="true" signature="afterClass()[pri:0, instance:com.testing.IndexPageTesting@593aaf41]" started-at="2022-09-22T17:18:52 IST" name="afterClass" finished-at="2022-09-22T17:18:52 IST" duration-ms="39" status="PASS">
          <reporter-output>
          </reporter-output>
        </test-method> <!-- afterClass -->
      </class> <!-- com.testing.IndexPageTesting -->
    </test> <!-- Default test -->
  </suite> <!-- Default suite -->
</testng-results>
