<?xml version="1.0" encoding="UTF-8"?>
<testng-results ignored="0" total="1" passed="1" failed="0" skipped="0">
  <reporter-output>
  </reporter-output>
  <suite started-at="2022-09-23T15:30:08 IST" name="Default suite" finished-at="2022-09-23T15:30:10 IST" duration-ms="2628">
    <groups>
    </groups>
    <test started-at="2022-09-23T15:30:08 IST" name="Default test" finished-at="2022-09-23T15:30:10 IST" duration-ms="2628">
      <class name="com.testing.IndexPageTesting">
        <test-method is-config="true" signature="beforeClass()[pri:0, instance:com.testing.IndexPageTesting@1de76cc7]" started-at="2022-09-23T15:30:08 IST" name="beforeClass" finished-at="2022-09-23T15:30:10 IST" duration-ms="2251" status="PASS">
          <reporter-output>
          </reporter-output>
        </test-method> <!-- beforeClass -->
        <test-method signature="indexPageTesting()[pri:0, instance:com.testing.IndexPageTesting@1de76cc7]" started-at="2022-09-23T15:30:10 IST" name="indexPageTesting" finished-at="2022-09-23T15:30:10 IST" duration-ms="350" status="PASS">
          <reporter-output>
          </reporter-output>
        </test-method> <!-- indexPageTesting -->
        <test-method is-config="true" signature="afterClass()[pri:0, instance:com.testing.IndexPageTesting@1de76cc7]" started-at="2022-09-23T15:30:10 IST" name="afterClass" finished-at="2022-09-23T15:30:10 IST" duration-ms="0" status="PASS">
          <reporter-output>
          </reporter-output>
        </test-method> <!-- afterClass -->
      </class> <!-- com.testing.IndexPageTesting -->
    </test> <!-- Default test -->
  </suite> <!-- Default suite -->
</testng-results>
