<?xml version="1.0" encoding="UTF-8"?>
<!-- Generated by org.testng.reporters.JUnitXMLReporter -->
<testsuite ignored="3" hostname="DESKTOP-KJ400B0" failures="0" tests="1" name="Normal Testing" time="0.471" errors="0" timestamp="2022-09-21T17:44:48 IST">
  <testcase classname="com.service.AccountServiceTest" name="depositeTest" time="0.449"/>
  <testcase classname="com.service.AccountServiceTest" name="createAccountTest" time="0.0">
    <ignored/>
  </testcase> <!-- createAccountTest -->
  <testcase classname="com.service.AccountServiceTest" name="withdrawTest" time="0.0">
    <ignored/>
  </testcase> <!-- withdrawTest -->
  <testcase classname="com.service.AccountServiceTest" name="findBalanceTest" time="0.0">
    <ignored/>
  </testcase> <!-- findBalanceTest -->
</testsuite> <!-- Normal Testing -->
