<?xml version="1.0" encoding="UTF-8"?>
<!-- Generated by org.testng.reporters.JUnitXMLReporter -->
<testsuite ignored="0" hostname="DESKTOP-KJ400B0" failures="0" tests="3" name="Default test" time="2.347" errors="0" timestamp="2022-09-22T17:18:52 IST">
  <testcase classname="com.testing.IndexPageTesting" name="divTagTest" time="0.038"/>
  <testcase classname="com.testing.IndexPageTesting" name="pTagTest" time="0.045"/>
  <testcase classname="com.testing.IndexPageTesting" name="titleTagTest" time="0.009"/>
</testsuite> <!-- Default test -->
